Fri Mar 12 14:53:39 PST 2021
umap x y [[-0.8289758   5.3687706 ]
 [ 3.986032    7.6022053 ]
 [-0.44280478  4.9357915 ]
 ...
 [ 1.8975756   3.7489064 ]
 [ 3.7680962   6.97419   ]
 [ 9.016265    6.7326245 ]]
umap_df=           X  ...  PCBA883
0 -0.828976  ...      NaN
1  3.986032  ...      NaN
2 -0.442805  ...      NaN
3 -0.755204  ...      NaN
4  2.523332  ...      NaN

[5 rows x 4 columns]
[array([0, 0, 0, ..., 0, 0, 0]), array([0, 0, 0, ..., 0, 0, 0]), array([0, 0, 0, ..., 0, 0, 0]), array([0, 0, 0, ..., 0, 0, 0]), array([0, 0, 0, ..., 0, 0, 0]), array([0, 0, 0, ..., 0, 0, 0]), array([0, 0, 0, ..., 0, 0, 0]), array([0, 0, 0, ..., 0, 0, 0]), array([0, 0, 0, ..., 0, 0, 0]), array([0, 0, 0, ..., 0, 0, 0]), array([0, 0, 0, ..., 0, 0, 0]), array([0, 0, 0, ..., 0, 0, 0]), array([0, 0, 0, ..., 0, 0, 0]), array([0, 1, 0, ..., 0, 0, 0]), array([0, 0, 0, ..., 0, 0, 0]), array([0, 0, 0, ..., 0, 0, 0]), array([0, 0, 0, ..., 0, 0, 0]), array([0, 0, 0, ..., 0, 0, 0]), array([0, 0, 0, ..., 0, 0, 0]), array([0, 0, 0, ..., 0, 0, 0]), array([0, 0, 0, ..., 0, 0, 0]), array([0, 0, 0, ..., 0, 0, 0]), array([0, 0, 0, ..., 0, 0, 0]), array([0, 0, 0, ..., 0, 0, 0]), array([0, 0, 0, ..., 0, 0, 0]), array([0, 0, 0, ..., 0, 0, 0]), array([0, 0, 0, ..., 0, 0, 0]), array([0, 0, 0, ..., 0, 0, 0]), array([0, 0, 0, ..., 0, 0, 0]), array([0, 0, 0, ..., 0, 0, 0]), array([0, 1, 0, ..., 0, 0, 0]), array([0, 0, 0, ..., 0, 0, 0]), array([0, 1, 0, ..., 0, 0, 0]), array([0, 0, 0, ..., 0, 0, 0]), array([0, 0, 0, ..., 0, 0, 0]), array([0, 0, 0, ..., 0, 0, 0]), array([0, 0, 0, ..., 0, 0, 0]), array([0, 0, 0, ..., 0, 0, 0]), array([0, 0, 0, ..., 0, 0, 0]), array([0, 0, 0, ..., 0, 0, 0]), array([0, 0, 0, ..., 0, 0, 0]), array([0, 0, 0, ..., 0, 0, 0]), array([0, 1, 0, ..., 0, 0, 0]), array([0, 0, 0, ..., 0, 0, 0]), array([0, 0, 0, ..., 0, 0, 0]), array([0, 0, 0, ..., 0, 0, 0]), array([0, 0, 0, ..., 0, 0, 0]), array([0, 0, 0, ..., 0, 0, 0]), array([0, 0, 0, ..., 0, 0, 0]), array([0, 0, 0, ..., 0, 0, 0]), array([0, 0, 0, ..., 0, 0, 0]), array([0, 0, 0, ..., 0, 0, 0]), array([0, 0, 0, ..., 0, 0, 0]), array([0, 0, 0, ..., 0, 0, 0]), array([0, 0, 0, ..., 0, 0, 0]), array([0, 0, 0, ..., 0, 0, 0]), array([0, 0, 0, ..., 0, 0, 0]), array([0, 1, 0, ..., 0, 0, 0]), array([0, 0, 0, ..., 0, 0, 0]), array([0, 0, 0, ..., 0, 0, 0]), array([0, 1, 0, ..., 0, 0, 0]), array([0, 0, 0, ..., 0, 0, 0]), array([0, 0, 0, ..., 0, 0, 0]), array([0, 0, 0, ..., 0, 0, 0]), array([0, 0, 0, ..., 0, 0, 0]), array([0, 0, 0, ..., 0, 0, 0]), array([0, 1, 0, ..., 0, 0, 0]), array([0, 0, 0, ..., 0, 0, 0]), array([0, 0, 0, ..., 0, 0, 0]), array([0, 0, 0, ..., 0, 0, 0]), array([0, 1, 0, ..., 0, 0, 0]), array([0, 0, 0, ..., 0, 0, 0]), array([0, 0, 0, ..., 0, 0, 0]), array([0, 0, 0, ..., 0, 0, 0]), array([0, 0, 0, ..., 0, 0, 0]), array([0, 0, 0, ..., 0, 0, 0]), array([0, 0, 0, ..., 0, 0, 0]), array([0, 0, 0, ..., 0, 0, 0]), array([0, 0, 0, ..., 0, 0, 0]), array([0, 0, 0, ..., 0, 0, 0]), array([0, 0, 0, ..., 0, 0, 0]), array([0, 0, 0, ..., 0, 0, 0]), array([0, 0, 0, ..., 0, 0, 0]), array([0, 0, 0, ..., 0, 0, 0]), array([0, 0, 0, ..., 0, 0, 0]), array([0, 1, 0, ..., 0, 0, 0]), array([0, 0, 0, ..., 0, 0, 0]), array([0, 0, 0, ..., 0, 0, 0]), array([0, 0, 0, ..., 0, 0, 0]), array([0, 0, 0, ..., 0, 0, 0]), array([0, 0, 0, ..., 0, 0, 0]), array([0, 0, 0, ..., 0, 0, 0]), array([0, 0, 0, ..., 0, 0, 0]), array([0, 1, 0, ..., 0, 0, 0]), array([0, 0, 0, ..., 0, 0, 0]), array([0, 0, 0, ..., 0, 0, 0]), array([0, 0, 0, ..., 0, 0, 0]), array([0, 0, 0, ..., 0, 0, 0]), array([0, 1, 0, ..., 0, 0, 0]), array([0, 0, 0, ..., 0, 0, 0]), array([0, 0, 0, ..., 0, 0, 0]), array([0, 0, 0, ..., 0, 0, 0]), array([0, 0, 0, ..., 0, 0, 0]), array([0, 0, 0, ..., 0, 0, 0]), array([0, 0, 0, ..., 0, 0, 0]), array([0, 0, 0, ..., 0, 0, 0]), array([0, 0, 0, ..., 0, 0, 0]), array([0, 0, 0, ..., 0, 0, 0])]
[0.0, 0.0, 0.0, 0.0, 0.0, 0.0, 0.0, 0.0, 0.0, 0.0, 0.0, 0.0, 0.0, 0.0, 0.0, 0.0, 0.0, 0.0, 0.0, 0.0, 0.0, 0.0, 1.0, 0.0, 0.0, 0.0, 0.0, 0.0, 0.0, 0.0, 1.0, 0.0, 0.0, 0.0, 1.0, 1.0, 0.0, 0.0, 0.0, 0.0, 0.0, 0.0, 0.0, 0.0, 0.0, 0.0, 0.0, 0.0, 0.0, 0.0, 0.0, 0.0, 0.0, 0.0, 0.0, 0.0, 0.0, 0.0, 0.0, 0.0, 0.0, 0.0, 0.0, 0.0, 0.0, 0.0, 1.0, 0.0, 0.0, 1.0, 0.0, 0.0, 0.0, 1.0, 0.0, 0.0, 0.0, 0.0, 0.0, 0.0, 1.0, 0.0, 0.0, 0.0, 0.0, 0.0, 0.0, 0.0, 0.0, 0.0, 0.0, 0.0, 0.0, 0.0, 0.0, 0.0, 1.0, 0.0, 0.0, 0.0, 0.0, 0.0, 0.0, 0.0, 0.0, 0.0, 0.0, 1.0]
lmnn embedded [[ 4.22918081e+00  5.71063328e+00]
 [ 5.63628054e+00  1.18220119e+01]
 [ 6.85453463e+00  5.57095528e+00]
 [ 3.24010301e+00  1.25132561e+01]
 [ 5.86060524e+00  1.15609417e+01]
 [ 6.20446920e+00  1.13627024e+01]
 [ 3.36361504e+00  6.42445707e+00]
 [ 3.69189167e+00  6.90286112e+00]
 [ 4.07497644e+00  6.38895750e+00]
 [ 6.14095354e+00  1.13993406e+01]
 [ 5.49179649e+00  6.81260109e+00]
 [ 5.82557106e+00  1.18083668e+01]
 [ 6.93602037e+00  5.67513323e+00]
 [ 5.64657021e+00  1.04168177e+01]
 [ 6.16753626e+00  1.13054838e+01]
 [ 3.63820958e+00  6.77269697e+00]
 [ 5.95126820e+00  5.95516968e+00]
 [ 3.22539210e+00  1.25746574e+01]
 [ 5.29073334e+00  1.17406950e+01]
 [ 4.09674883e+00  5.96560669e+00]
 [ 5.34029436e+00  1.05084019e+01]
 [ 5.56933641e+00  1.14023342e+01]
 [-5.99824544e-03  1.40819235e+01]
 [ 4.04032660e+00  1.20074625e+01]
 [ 5.81724358e+00  1.16689234e+01]
 [ 7.11442137e+00  5.89084291e+00]
 [ 3.67146492e+00  1.24139814e+01]
 [ 5.34019947e+00  9.96423912e+00]
 [ 6.64537477e+00  5.59392643e+00]
 [ 3.57888484e+00  6.20168018e+00]
 [ 1.89637348e-01  1.41437769e+01]
 [ 5.33314514e+00  1.11477728e+01]
 [ 4.85166311e+00  1.04197578e+01]
 [ 5.39946318e+00  9.56985855e+00]
 [ 4.91561562e-01  1.37807426e+01]
 [ 1.31255640e-02  1.38750639e+01]
 [ 3.73818278e+00  6.78108644e+00]
 [ 5.58858156e+00  6.65192127e+00]
 [ 3.75270367e+00  1.23297491e+01]
 [ 4.48823214e+00  5.99644327e+00]
 [ 4.90588379e+00  1.10105219e+01]
 [ 5.53905487e+00  1.06484022e+01]
 [ 5.71162796e+00  1.07003832e+01]
 [ 6.98356628e+00  5.87617397e+00]
 [ 5.42867804e+00  1.17436695e+01]
 [ 6.11539364e+00  5.70904160e+00]
 [ 3.36109328e+00  6.13150978e+00]
 [ 5.87745428e+00  5.58604860e+00]
 [ 5.50384521e+00  1.13084841e+01]
 [ 5.40742731e+00  9.86588955e+00]
 [ 5.23093414e+00  9.90194511e+00]
 [ 3.31560850e+00  6.36106300e+00]
 [ 4.11401033e+00  1.19160643e+01]
 [ 3.75178218e+00  1.23412275e+01]
 [ 6.83376265e+00  5.69790602e+00]
 [ 4.46651363e+00  5.87867689e+00]
 [ 6.36880779e+00  5.65542984e+00]
 [ 5.34787321e+00  9.98212814e+00]
 [ 4.14749479e+00  1.18855629e+01]
 [ 6.03763199e+00  5.87061882e+00]
 [ 5.75703859e+00  1.04742689e+01]
 [ 6.28539228e+00  6.41805124e+00]
 [ 6.57956600e+00  6.11701059e+00]
 [ 3.68429995e+00  1.24054623e+01]
 [ 6.46157980e+00  6.21290255e+00]
 [ 5.20866680e+00  1.09492121e+01]
 [ 2.36890197e-01  1.40418549e+01]
 [ 3.92461491e+00  1.21483231e+01]
 [ 3.65518308e+00  1.24216070e+01]
 [ 2.11671010e-01  1.40719013e+01]
 [ 5.47750330e+00  1.02562294e+01]
 [ 3.11864233e+00  6.22695446e+00]
 [ 4.89184713e+00  6.14800453e+00]
 [ 1.14777938e-01  1.37910891e+01]
 [ 5.74931383e+00  1.13272181e+01]
 [ 5.19626760e+00  1.06487942e+01]
 [ 5.62536669e+00  1.18822880e+01]
 [ 3.37527919e+00  6.27925587e+00]
 [ 6.14088726e+00  5.71310806e+00]
 [ 5.37148762e+00  1.16801834e+01]
 [ 8.88113827e-02  1.40140810e+01]
 [ 5.33092308e+00  1.02965565e+01]
 [ 3.30575085e+00  6.73140574e+00]
 [ 3.82457900e+00  6.62825108e+00]
 [ 6.66212749e+00  6.11319637e+00]
 [ 5.42887449e+00  1.11848669e+01]
 [ 4.92805290e+00  1.09723759e+01]
 [ 3.41946006e+00  6.51475716e+00]
 [ 5.34190416e+00  6.37477541e+00]
 [ 3.85127664e+00  1.22359819e+01]
 [ 4.09841394e+00  6.44102621e+00]
 [ 3.42723513e+00  6.55207348e+00]
 [ 5.25903797e+00  1.06101837e+01]
 [ 5.20685339e+00  1.01043510e+01]
 [ 6.22776461e+00  5.86537790e+00]
 [ 4.25603247e+00  6.34295368e+00]
 [ 2.34004259e-01  1.40989075e+01]
 [ 6.10104704e+00  6.33410406e+00]
 [ 4.85902071e+00  1.04517450e+01]
 [ 6.26150131e+00  6.29706812e+00]
 [ 6.08964396e+00  6.30421638e+00]
 [ 6.12466335e+00  5.95172977e+00]
 [ 4.28328800e+00  6.02016926e+00]
 [ 6.81528091e+00  5.45157385e+00]
 [ 4.65708447e+00  6.54825592e+00]
 [ 5.04518938e+00  1.15597191e+01]
 [ 6.38798285e+00  5.55040216e+00]
 [-2.92096141e-04  1.38818655e+01]]
metric_df=           X  ...                                             SMILES
0  4.229181  ...  O=C(c1csnn1)N1CCC2(CC1)CN(Cc1cc(C(F)(F)F)cc(C(...
1  5.636281  ...  O=C(c1cc(C(F)(F)F)cc(C(F)(F)F)c1)N1CCC2(CC1)CC...
2  6.854535  ...  COC(=O)N1CCC2(CCCN(Cc3cc(C(F)(F)F)cc(C(F)(F)F)...
3  3.240103  ...  N#Cc1cccc(NC(=O)N2CCCC3(CCN(C(=O)c4cc(C(F)(F)F...
4  5.860605  ...  O=C(c1cc(C(F)(F)F)cc(C(F)(F)F)c1)N1CCC[C@@]2(C...

[5 rows x 4 columns]
[array([0, 0, 0, ..., 0, 0, 0]), array([0, 0, 0, ..., 0, 0, 0]), array([0, 0, 0, ..., 0, 0, 0]), array([0, 0, 0, ..., 0, 0, 0]), array([0, 0, 0, ..., 0, 0, 0]), array([0, 0, 0, ..., 0, 0, 0]), array([0, 0, 0, ..., 0, 0, 0]), array([0, 0, 0, ..., 0, 0, 0]), array([0, 0, 0, ..., 0, 0, 0]), array([0, 0, 0, ..., 0, 0, 0]), array([0, 0, 0, ..., 0, 0, 0]), array([0, 0, 0, ..., 0, 0, 0]), array([0, 0, 0, ..., 0, 0, 0]), array([0, 1, 0, ..., 0, 0, 0]), array([0, 0, 0, ..., 0, 0, 0]), array([0, 0, 0, ..., 0, 0, 0]), array([0, 0, 0, ..., 0, 0, 0]), array([0, 0, 0, ..., 0, 0, 0]), array([0, 0, 0, ..., 0, 0, 0]), array([0, 0, 0, ..., 0, 0, 0]), array([0, 0, 0, ..., 0, 0, 0]), array([0, 0, 0, ..., 0, 0, 0]), array([0, 0, 0, ..., 0, 0, 0]), array([0, 0, 0, ..., 0, 0, 0]), array([0, 0, 0, ..., 0, 0, 0]), array([0, 0, 0, ..., 0, 0, 0]), array([0, 0, 0, ..., 0, 0, 0]), array([0, 0, 0, ..., 0, 0, 0]), array([0, 0, 0, ..., 0, 0, 0]), array([0, 0, 0, ..., 0, 0, 0]), array([0, 1, 0, ..., 0, 0, 0]), array([0, 0, 0, ..., 0, 0, 0]), array([0, 1, 0, ..., 0, 0, 0]), array([0, 0, 0, ..., 0, 0, 0]), array([0, 0, 0, ..., 0, 0, 0]), array([0, 0, 0, ..., 0, 0, 0]), array([0, 0, 0, ..., 0, 0, 0]), array([0, 0, 0, ..., 0, 0, 0]), array([0, 0, 0, ..., 0, 0, 0]), array([0, 0, 0, ..., 0, 0, 0]), array([0, 0, 0, ..., 0, 0, 0]), array([0, 0, 0, ..., 0, 0, 0]), array([0, 1, 0, ..., 0, 0, 0]), array([0, 0, 0, ..., 0, 0, 0]), array([0, 0, 0, ..., 0, 0, 0]), array([0, 0, 0, ..., 0, 0, 0]), array([0, 0, 0, ..., 0, 0, 0]), array([0, 0, 0, ..., 0, 0, 0]), array([0, 0, 0, ..., 0, 0, 0]), array([0, 0, 0, ..., 0, 0, 0]), array([0, 0, 0, ..., 0, 0, 0]), array([0, 0, 0, ..., 0, 0, 0]), array([0, 0, 0, ..., 0, 0, 0]), array([0, 0, 0, ..., 0, 0, 0]), array([0, 0, 0, ..., 0, 0, 0]), array([0, 0, 0, ..., 0, 0, 0]), array([0, 0, 0, ..., 0, 0, 0]), array([0, 1, 0, ..., 0, 0, 0]), array([0, 0, 0, ..., 0, 0, 0]), array([0, 0, 0, ..., 0, 0, 0]), array([0, 1, 0, ..., 0, 0, 0]), array([0, 0, 0, ..., 0, 0, 0]), array([0, 0, 0, ..., 0, 0, 0]), array([0, 0, 0, ..., 0, 0, 0]), array([0, 0, 0, ..., 0, 0, 0]), array([0, 0, 0, ..., 0, 0, 0]), array([0, 1, 0, ..., 0, 0, 0]), array([0, 0, 0, ..., 0, 0, 0]), array([0, 0, 0, ..., 0, 0, 0]), array([0, 0, 0, ..., 0, 0, 0]), array([0, 1, 0, ..., 0, 0, 0]), array([0, 0, 0, ..., 0, 0, 0]), array([0, 0, 0, ..., 0, 0, 0]), array([0, 0, 0, ..., 0, 0, 0]), array([0, 0, 0, ..., 0, 0, 0]), array([0, 0, 0, ..., 0, 0, 0]), array([0, 0, 0, ..., 0, 0, 0]), array([0, 0, 0, ..., 0, 0, 0]), array([0, 0, 0, ..., 0, 0, 0]), array([0, 0, 0, ..., 0, 0, 0]), array([0, 0, 0, ..., 0, 0, 0]), array([0, 0, 0, ..., 0, 0, 0]), array([0, 0, 0, ..., 0, 0, 0]), array([0, 0, 0, ..., 0, 0, 0]), array([0, 0, 0, ..., 0, 0, 0]), array([0, 1, 0, ..., 0, 0, 0]), array([0, 0, 0, ..., 0, 0, 0]), array([0, 0, 0, ..., 0, 0, 0]), array([0, 0, 0, ..., 0, 0, 0]), array([0, 0, 0, ..., 0, 0, 0]), array([0, 0, 0, ..., 0, 0, 0]), array([0, 0, 0, ..., 0, 0, 0]), array([0, 0, 0, ..., 0, 0, 0]), array([0, 1, 0, ..., 0, 0, 0]), array([0, 0, 0, ..., 0, 0, 0]), array([0, 0, 0, ..., 0, 0, 0]), array([0, 0, 0, ..., 0, 0, 0]), array([0, 0, 0, ..., 0, 0, 0]), array([0, 1, 0, ..., 0, 0, 0]), array([0, 0, 0, ..., 0, 0, 0]), array([0, 0, 0, ..., 0, 0, 0]), array([0, 0, 0, ..., 0, 0, 0]), array([0, 0, 0, ..., 0, 0, 0]), array([0, 0, 0, ..., 0, 0, 0]), array([0, 0, 0, ..., 0, 0, 0]), array([0, 0, 0, ..., 0, 0, 0]), array([0, 0, 0, ..., 0, 0, 0]), array([0, 0, 0, ..., 0, 0, 0])]
[0.0, 0.0, 0.0, 0.0, 0.0, 0.0, 0.0, 0.0, 0.0, 0.0, 0.0, 0.0, 0.0, 0.0, 0.0, 0.0, 0.0, 0.0, 0.0, 0.0, 0.0, 0.0, 1.0, 0.0, 0.0, 0.0, 0.0, 0.0, 0.0, 0.0, 1.0, 0.0, 0.0, 0.0, 1.0, 1.0, 0.0, 0.0, 0.0, 0.0, 0.0, 0.0, 0.0, 0.0, 0.0, 0.0, 0.0, 0.0, 0.0, 0.0, 0.0, 0.0, 0.0, 0.0, 0.0, 0.0, 0.0, 0.0, 0.0, 0.0, 0.0, 0.0, 0.0, 0.0, 0.0, 0.0, 1.0, 0.0, 0.0, 1.0, 0.0, 0.0, 0.0, 1.0, 0.0, 0.0, 0.0, 0.0, 0.0, 0.0, 1.0, 0.0, 0.0, 0.0, 0.0, 0.0, 0.0, 0.0, 0.0, 0.0, 0.0, 0.0, 0.0, 0.0, 0.0, 0.0, 1.0, 0.0, 0.0, 0.0, 0.0, 0.0, 0.0, 0.0, 0.0, 0.0, 0.0, 1.0]
Fri Mar 12 15:08:05 PST 2021
